{"t":{"$date":"2020-11-14T21:32:34.992-06:00"},"s":"I",  "c":"CONTROL",  "id":23285,   "ctx":"main","msg":"Automatically disabling TLS 1.0, to force-enable TLS 1.0 specify --sslDisabledProtocols 'none'"}
{"t":{"$date":"2020-11-14T21:32:35.274-06:00"},"s":"W",  "c":"ASIO",     "id":22601,   "ctx":"main","msg":"No TransportLayer configured during NetworkInterface startup"}
{"t":{"$date":"2020-11-14T21:32:35.274-06:00"},"s":"I",  "c":"NETWORK",  "id":4648602, "ctx":"main","msg":"Implicit TCP FastOpen in use."}
{"t":{"$date":"2020-11-14T21:32:35.275-06:00"},"s":"I",  "c":"STORAGE",  "id":4615611, "ctx":"initandlisten","msg":"MongoDB starting","attr":{"pid":3848,"port":27017,"dbPath":"C:/Users/Taylor/Desktop/ActiveWindowListener/mongo/db","architecture":"64-bit","host":"DESKTOP-MGKRH05"}}
{"t":{"$date":"2020-11-14T21:32:35.275-06:00"},"s":"I",  "c":"CONTROL",  "id":23398,   "ctx":"initandlisten","msg":"Target operating system minimum version","attr":{"targetMinOS":"Windows 7/Windows Server 2008 R2"}}
{"t":{"$date":"2020-11-14T21:32:35.275-06:00"},"s":"I",  "c":"CONTROL",  "id":23403,   "ctx":"initandlisten","msg":"Build Info","attr":{"buildInfo":{"version":"4.4.0","gitVersion":"563487e100c4215e2dce98d0af2a6a5a2d67c5cf","modules":[],"allocator":"tcmalloc","environment":{"distmod":"windows","distarch":"x86_64","target_arch":"x86_64"}}}}
{"t":{"$date":"2020-11-14T21:32:35.275-06:00"},"s":"I",  "c":"CONTROL",  "id":51765,   "ctx":"initandlisten","msg":"Operating System","attr":{"os":{"name":"Microsoft Windows 10","version":"10.0 (build 19041)"}}}
{"t":{"$date":"2020-11-14T21:32:35.275-06:00"},"s":"I",  "c":"CONTROL",  "id":21951,   "ctx":"initandlisten","msg":"Options set by command line","attr":{"options":{"config":"C:\\Users\\Taylor\\Desktop\\ActiveWindowListener\\mongo\\mongoServer.config","net":{"bindIp":"localhost","port":27017},"storage":{"dbPath":"C:\\Users\\Taylor\\Desktop\\ActiveWindowListener\\mongo\\db"},"systemLog":{"destination":"file","logAppend":true,"path":"C:\\Users\\Taylor\\Desktop\\ActiveWindowListener\\mongo\\mongo.server.log"}}}}
{"t":{"$date":"2020-11-14T21:32:35.281-06:00"},"s":"E",  "c":"STORAGE",  "id":20557,   "ctx":"initandlisten","msg":"DBException in initAndListen, terminating","attr":{"error":"DBPathInUse: Unable to create/open the lock file: C:\\Users\\Taylor\\Desktop\\ActiveWindowListener\\mongo\\db\\mongod.lock (The process cannot access the file because it is being used by another process.). Ensure the user executing mongod is the owner of the lock file and has the appropriate permissions. Also make sure that another mongod instance is not already running on the C:\\Users\\Taylor\\Desktop\\ActiveWindowListener\\mongo\\db directory"}}
{"t":{"$date":"2020-11-14T21:32:35.283-06:00"},"s":"I",  "c":"NETWORK",  "id":20562,   "ctx":"initandlisten","msg":"Shutdown: going to close listening sockets"}
{"t":{"$date":"2020-11-14T21:32:35.283-06:00"},"s":"I",  "c":"-",        "id":20520,   "ctx":"initandlisten","msg":"Stopping further Flow Control ticket acquisitions."}
{"t":{"$date":"2020-11-14T21:32:35.284-06:00"},"s":"I",  "c":"CONTROL",  "id":20565,   "ctx":"initandlisten","msg":"Now exiting"}
{"t":{"$date":"2020-11-14T21:32:35.284-06:00"},"s":"I",  "c":"CONTROL",  "id":23138,   "ctx":"initandlisten","msg":"Shutting down","attr":{"exitCode":100}}

{"t":{"$date":"2020-11-14T21:36:14.344-06:00"},"s":"W",  "c":"CONTROL",  "id":20698,   "ctx":"main","msg":"***** SERVER RESTARTED *****","tags":["startupWarnings"]}
{"t":{"$date":"2020-11-14T21:36:14.627-06:00"},"s":"I",  "c":"CONTROL",  "id":23285,   "ctx":"main","msg":"Automatically disabling TLS 1.0, to force-enable TLS 1.0 specify --sslDisabledProtocols 'none'"}
{"t":{"$date":"2020-11-14T21:36:14.629-06:00"},"s":"W",  "c":"ASIO",     "id":22601,   "ctx":"main","msg":"No TransportLayer configured during NetworkInterface startup"}
{"t":{"$date":"2020-11-14T21:36:14.629-06:00"},"s":"I",  "c":"NETWORK",  "id":4648602, "ctx":"main","msg":"Implicit TCP FastOpen in use."}
{"t":{"$date":"2020-11-14T21:36:14.630-06:00"},"s":"I",  "c":"STORAGE",  "id":4615611, "ctx":"initandlisten","msg":"MongoDB starting","attr":{"pid":6520,"port":27017,"dbPath":"C:/Users/Taylor/Desktop/ActiveWindowListener/mongo/db","architecture":"64-bit","host":"DESKTOP-MGKRH05"}}
{"t":{"$date":"2020-11-14T21:36:14.630-06:00"},"s":"I",  "c":"CONTROL",  "id":23398,   "ctx":"initandlisten","msg":"Target operating system minimum version","attr":{"targetMinOS":"Windows 7/Windows Server 2008 R2"}}
{"t":{"$date":"2020-11-14T21:36:14.630-06:00"},"s":"I",  "c":"CONTROL",  "id":23403,   "ctx":"initandlisten","msg":"Build Info","attr":{"buildInfo":{"version":"4.4.0","gitVersion":"563487e100c4215e2dce98d0af2a6a5a2d67c5cf","modules":[],"allocator":"tcmalloc","environment":{"distmod":"windows","distarch":"x86_64","target_arch":"x86_64"}}}}
{"t":{"$date":"2020-11-14T21:36:14.630-06:00"},"s":"I",  "c":"CONTROL",  "id":51765,   "ctx":"initandlisten","msg":"Operating System","attr":{"os":{"name":"Microsoft Windows 10","version":"10.0 (build 19041)"}}}
{"t":{"$date":"2020-11-14T21:36:14.630-06:00"},"s":"I",  "c":"CONTROL",  "id":21951,   "ctx":"initandlisten","msg":"Options set by command line","attr":{"options":{"config":"C:\\Users\\Taylor\\Desktop\\ActiveWindowListener\\mongo\\mongoServer.config","net":{"bindIp":"localhost","port":27017},"storage":{"dbPath":"C:\\Users\\Taylor\\Desktop\\ActiveWindowListener\\mongo\\db"},"systemLog":{"destination":"file","logAppend":true,"path":"C:\\Users\\Taylor\\Desktop\\ActiveWindowListener\\mongo\\mongo.server.log"}}}}
{"t":{"$date":"2020-11-14T21:36:14.632-06:00"},"s":"E",  "c":"STORAGE",  "id":20557,   "ctx":"initandlisten","msg":"DBException in initAndListen, terminating","attr":{"error":"DBPathInUse: Unable to create/open the lock file: C:\\Users\\Taylor\\Desktop\\ActiveWindowListener\\mongo\\db\\mongod.lock (The process cannot access the file because it is being used by another process.). Ensure the user executing mongod is the owner of the lock file and has the appropriate permissions. Also make sure that another mongod instance is not already running on the C:\\Users\\Taylor\\Desktop\\ActiveWindowListener\\mongo\\db directory"}}
{"t":{"$date":"2020-11-14T21:36:14.633-06:00"},"s":"I",  "c":"NETWORK",  "id":20562,   "ctx":"initandlisten","msg":"Shutdown: going to close listening sockets"}
{"t":{"$date":"2020-11-14T21:36:14.633-06:00"},"s":"I",  "c":"-",        "id":20520,   "ctx":"initandlisten","msg":"Stopping further Flow Control ticket acquisitions."}
{"t":{"$date":"2020-11-14T21:36:14.633-06:00"},"s":"I",  "c":"CONTROL",  "id":20565,   "ctx":"initandlisten","msg":"Now exiting"}
{"t":{"$date":"2020-11-14T21:36:14.633-06:00"},"s":"I",  "c":"CONTROL",  "id":23138,   "ctx":"initandlisten","msg":"Shutting down","attr":{"exitCode":100}}

{"t":{"$date":"2020-11-14T21:36:39.725-06:00"},"s":"W",  "c":"CONTROL",  "id":20698,   "ctx":"main","msg":"***** SERVER RESTARTED *****","tags":["startupWarnings"]}
{"t":{"$date":"2020-11-14T21:36:40.003-06:00"},"s":"I",  "c":"CONTROL",  "id":23285,   "ctx":"main","msg":"Automatically disabling TLS 1.0, to force-enable TLS 1.0 specify --sslDisabledProtocols 'none'"}
{"t":{"$date":"2020-11-14T21:36:40.006-06:00"},"s":"W",  "c":"ASIO",     "id":22601,   "ctx":"main","msg":"No TransportLayer configured during NetworkInterface startup"}
{"t":{"$date":"2020-11-14T21:36:40.006-06:00"},"s":"I",  "c":"NETWORK",  "id":4648602, "ctx":"main","msg":"Implicit TCP FastOpen in use."}
{"t":{"$date":"2020-11-14T21:36:40.007-06:00"},"s":"I",  "c":"STORAGE",  "id":4615611, "ctx":"initandlisten","msg":"MongoDB starting","attr":{"pid":3964,"port":27017,"dbPath":"C:/Users/Taylor/Desktop/ActiveWindowListener/mongo/db","architecture":"64-bit","host":"DESKTOP-MGKRH05"}}
{"t":{"$date":"2020-11-14T21:36:40.007-06:00"},"s":"I",  "c":"CONTROL",  "id":23398,   "ctx":"initandlisten","msg":"Target operating system minimum version","attr":{"targetMinOS":"Windows 7/Windows Server 2008 R2"}}
{"t":{"$date":"2020-11-14T21:36:40.007-06:00"},"s":"I",  "c":"CONTROL",  "id":23403,   "ctx":"initandlisten","msg":"Build Info","attr":{"buildInfo":{"version":"4.4.0","gitVersion":"563487e100c4215e2dce98d0af2a6a5a2d67c5cf","modules":[],"allocator":"tcmalloc","environment":{"distmod":"windows","distarch":"x86_64","target_arch":"x86_64"}}}}
{"t":{"$date":"2020-11-14T21:36:40.007-06:00"},"s":"I",  "c":"CONTROL",  "id":51765,   "ctx":"initandlisten","msg":"Operating System","attr":{"os":{"name":"Microsoft Windows 10","version":"10.0 (build 19041)"}}}
{"t":{"$date":"2020-11-14T21:36:40.007-06:00"},"s":"I",  "c":"CONTROL",  "id":21951,   "ctx":"initandlisten","msg":"Options set by command line","attr":{"options":{"config":"C:\\Users\\Taylor\\Desktop\\ActiveWindowListener\\mongo\\mongoServer.config","net":{"bindIp":"localhost","port":27017},"storage":{"dbPath":"C:\\Users\\Taylor\\Desktop\\ActiveWindowListener\\mongo\\db"},"systemLog":{"destination":"file","logAppend":true,"path":"C:\\Users\\Taylor\\Desktop\\ActiveWindowListener\\mongo\\mongo.server.log"}}}}
{"t":{"$date":"2020-11-14T21:36:40.009-06:00"},"s":"E",  "c":"STORAGE",  "id":20557,   "ctx":"initandlisten","msg":"DBException in initAndListen, terminating","attr":{"error":"DBPathInUse: Unable to create/open the lock file: C:\\Users\\Taylor\\Desktop\\ActiveWindowListener\\mongo\\db\\mongod.lock (The process cannot access the file because it is being used by another process.). Ensure the user executing mongod is the owner of the lock file and has the appropriate permissions. Also make sure that another mongod instance is not already running on the C:\\Users\\Taylor\\Desktop\\ActiveWindowListener\\mongo\\db directory"}}
{"t":{"$date":"2020-11-14T21:36:40.009-06:00"},"s":"I",  "c":"NETWORK",  "id":20562,   "ctx":"initandlisten","msg":"Shutdown: going to close listening sockets"}
{"t":{"$date":"2020-11-14T21:36:40.009-06:00"},"s":"I",  "c":"-",        "id":20520,   "ctx":"initandlisten","msg":"Stopping further Flow Control ticket acquisitions."}
{"t":{"$date":"2020-11-14T21:36:40.009-06:00"},"s":"I",  "c":"CONTROL",  "id":20565,   "ctx":"initandlisten","msg":"Now exiting"}
{"t":{"$date":"2020-11-14T21:36:40.009-06:00"},"s":"I",  "c":"CONTROL",  "id":23138,   "ctx":"initandlisten","msg":"Shutting down","attr":{"exitCode":100}}

{"t":{"$date":"2020-11-14T21:45:32.709-06:00"},"s":"W",  "c":"CONTROL",  "id":20698,   "ctx":"main","msg":"***** SERVER RESTARTED *****","tags":["startupWarnings"]}
{"t":{"$date":"2020-11-14T21:45:32.996-06:00"},"s":"I",  "c":"CONTROL",  "id":23285,   "ctx":"main","msg":"Automatically disabling TLS 1.0, to force-enable TLS 1.0 specify --sslDisabledProtocols 'none'"}
{"t":{"$date":"2020-11-14T21:45:32.997-06:00"},"s":"W",  "c":"ASIO",     "id":22601,   "ctx":"main","msg":"No TransportLayer configured during NetworkInterface startup"}
{"t":{"$date":"2020-11-14T21:45:32.997-06:00"},"s":"I",  "c":"NETWORK",  "id":4648602, "ctx":"main","msg":"Implicit TCP FastOpen in use."}
{"t":{"$date":"2020-11-14T21:45:32.998-06:00"},"s":"I",  "c":"STORAGE",  "id":4615611, "ctx":"initandlisten","msg":"MongoDB starting","attr":{"pid":848,"port":27017,"dbPath":"C:/Users/Taylor/Desktop/ActiveWindowListener/mongo/db","architecture":"64-bit","host":"DESKTOP-MGKRH05"}}
{"t":{"$date":"2020-11-14T21:45:32.998-06:00"},"s":"I",  "c":"CONTROL",  "id":23398,   "ctx":"initandlisten","msg":"Target operating system minimum version","attr":{"targetMinOS":"Windows 7/Windows Server 2008 R2"}}
{"t":{"$date":"2020-11-14T21:45:32.998-06:00"},"s":"I",  "c":"CONTROL",  "id":23403,   "ctx":"initandlisten","msg":"Build Info","attr":{"buildInfo":{"version":"4.4.0","gitVersion":"563487e100c4215e2dce98d0af2a6a5a2d67c5cf","modules":[],"allocator":"tcmalloc","environment":{"distmod":"windows","distarch":"x86_64","target_arch":"x86_64"}}}}
{"t":{"$date":"2020-11-14T21:45:32.998-06:00"},"s":"I",  "c":"CONTROL",  "id":51765,   "ctx":"initandlisten","msg":"Operating System","attr":{"os":{"name":"Microsoft Windows 10","version":"10.0 (build 19041)"}}}
{"t":{"$date":"2020-11-14T21:45:32.998-06:00"},"s":"I",  "c":"CONTROL",  "id":21951,   "ctx":"initandlisten","msg":"Options set by command line","attr":{"options":{"config":"C:\\Users\\Taylor\\Desktop\\ActiveWindowListener\\mongo\\mongoServer.config","net":{"bindIp":"localhost","port":27017},"storage":{"dbPath":"C:\\Users\\Taylor\\Desktop\\ActiveWindowListener\\mongo\\db"},"systemLog":{"destination":"file","logAppend":true,"path":"C:\\Users\\Taylor\\Desktop\\ActiveWindowListener\\mongo\\mongo.server.log"}}}}
{"t":{"$date":"2020-11-14T21:45:33.001-06:00"},"s":"E",  "c":"STORAGE",  "id":20557,   "ctx":"initandlisten","msg":"DBException in initAndListen, terminating","attr":{"error":"DBPathInUse: Unable to create/open the lock file: C:\\Users\\Taylor\\Desktop\\ActiveWindowListener\\mongo\\db\\mongod.lock (The process cannot access the file because it is being used by another process.). Ensure the user executing mongod is the owner of the lock file and has the appropriate permissions. Also make sure that another mongod instance is not already running on the C:\\Users\\Taylor\\Desktop\\ActiveWindowListener\\mongo\\db directory"}}
{"t":{"$date":"2020-11-14T21:45:33.001-06:00"},"s":"I",  "c":"NETWORK",  "id":20562,   "ctx":"initandlisten","msg":"Shutdown: going to close listening sockets"}
{"t":{"$date":"2020-11-14T21:45:33.001-06:00"},"s":"I",  "c":"-",        "id":20520,   "ctx":"initandlisten","msg":"Stopping further Flow Control ticket acquisitions."}
{"t":{"$date":"2020-11-14T21:45:33.001-06:00"},"s":"I",  "c":"CONTROL",  "id":20565,   "ctx":"initandlisten","msg":"Now exiting"}
{"t":{"$date":"2020-11-14T21:45:33.001-06:00"},"s":"I",  "c":"CONTROL",  "id":23138,   "ctx":"initandlisten","msg":"Shutting down","attr":{"exitCode":100}}

{"t":{"$date":"2020-11-14T21:46:02.839-06:00"},"s":"W",  "c":"CONTROL",  "id":20698,   "ctx":"main","msg":"***** SERVER RESTARTED *****","tags":["startupWarnings"]}
{"t":{"$date":"2020-11-14T21:46:03.122-06:00"},"s":"I",  "c":"CONTROL",  "id":23285,   "ctx":"main","msg":"Automatically disabling TLS 1.0, to force-enable TLS 1.0 specify --sslDisabledProtocols 'none'"}
{"t":{"$date":"2020-11-14T21:46:03.124-06:00"},"s":"W",  "c":"ASIO",     "id":22601,   "ctx":"main","msg":"No TransportLayer configured during NetworkInterface startup"}
{"t":{"$date":"2020-11-14T21:46:03.124-06:00"},"s":"I",  "c":"NETWORK",  "id":4648602, "ctx":"main","msg":"Implicit TCP FastOpen in use."}
{"t":{"$date":"2020-11-14T21:46:03.124-06:00"},"s":"I",  "c":"STORAGE",  "id":4615611, "ctx":"initandlisten","msg":"MongoDB starting","attr":{"pid":6668,"port":27017,"dbPath":"C:/Users/Taylor/Desktop/ActiveWindowListener/mongo/db","architecture":"64-bit","host":"DESKTOP-MGKRH05"}}
{"t":{"$date":"2020-11-14T21:46:03.124-06:00"},"s":"I",  "c":"CONTROL",  "id":23398,   "ctx":"initandlisten","msg":"Target operating system minimum version","attr":{"targetMinOS":"Windows 7/Windows Server 2008 R2"}}
{"t":{"$date":"2020-11-14T21:46:03.124-06:00"},"s":"I",  "c":"CONTROL",  "id":23403,   "ctx":"initandlisten","msg":"Build Info","attr":{"buildInfo":{"version":"4.4.0","gitVersion":"563487e100c4215e2dce98d0af2a6a5a2d67c5cf","modules":[],"allocator":"tcmalloc","environment":{"distmod":"windows","distarch":"x86_64","target_arch":"x86_64"}}}}
{"t":{"$date":"2020-11-14T21:46:03.124-06:00"},"s":"I",  "c":"CONTROL",  "id":51765,   "ctx":"initandlisten","msg":"Operating System","attr":{"os":{"name":"Microsoft Windows 10","version":"10.0 (build 19041)"}}}
{"t":{"$date":"2020-11-14T21:46:03.124-06:00"},"s":"I",  "c":"CONTROL",  "id":21951,   "ctx":"initandlisten","msg":"Options set by command line","attr":{"options":{"config":"C:\\Users\\Taylor\\Desktop\\ActiveWindowListener\\mongo\\mongoServer.config","net":{"bindIp":"localhost","port":27017},"storage":{"dbPath":"C:\\Users\\Taylor\\Desktop\\ActiveWindowListener\\mongo\\db"},"systemLog":{"destination":"file","logAppend":true,"path":"C:\\Users\\Taylor\\Desktop\\ActiveWindowListener\\mongo\\mongo.server.log"}}}}
{"t":{"$date":"2020-11-14T21:46:03.127-06:00"},"s":"E",  "c":"STORAGE",  "id":20557,   "ctx":"initandlisten","msg":"DBException in initAndListen, terminating","attr":{"error":"DBPathInUse: Unable to create/open the lock file: C:\\Users\\Taylor\\Desktop\\ActiveWindowListener\\mongo\\db\\mongod.lock (The process cannot access the file because it is being used by another process.). Ensure the user executing mongod is the owner of the lock file and has the appropriate permissions. Also make sure that another mongod instance is not already running on the C:\\Users\\Taylor\\Desktop\\ActiveWindowListener\\mongo\\db directory"}}
{"t":{"$date":"2020-11-14T21:46:03.127-06:00"},"s":"I",  "c":"NETWORK",  "id":20562,   "ctx":"initandlisten","msg":"Shutdown: going to close listening sockets"}
{"t":{"$date":"2020-11-14T21:46:03.127-06:00"},"s":"I",  "c":"-",        "id":20520,   "ctx":"initandlisten","msg":"Stopping further Flow Control ticket acquisitions."}
{"t":{"$date":"2020-11-14T21:46:03.127-06:00"},"s":"I",  "c":"CONTROL",  "id":20565,   "ctx":"initandlisten","msg":"Now exiting"}
{"t":{"$date":"2020-11-14T21:46:03.127-06:00"},"s":"I",  "c":"CONTROL",  "id":23138,   "ctx":"initandlisten","msg":"Shutting down","attr":{"exitCode":100}}
